2019-04-25 21:12:19.576  INFO 67485 --- [           main] trationDelegate$BeanPostProcessorChecker : Bean 'org.springframework.cloud.autoconfigure.ConfigurationPropertiesRebinderAutoConfiguration' of type [org.springframework.cloud.autoconfigure.ConfigurationPropertiesRebinderAutoConfiguration$$EnhancerBySpringCGLIB$$bbdbd68c] is not eligible for getting processed by all BeanPostProcessors (for example: not eligible for auto-proxying)

  .   ____          _            __ _ _
 /\\ / ___'_ __ _ _(_)_ __  __ _ \ \ \ \
( ( )\___ | '_ | '_| | '_ \/ _` | \ \ \ \
 \\/  ___)| |_)| | | | | || (_| |  ) ) ) )
  '  |____| .__|_| |_|_| |_\__, | / / / /
 =========|_|==============|___/=/_/_/_/
 :: Spring Boot ::        (v2.1.4.RELEASE)

2019-04-25 21:12:19.963  INFO 67485 --- [           main] info.zhirong.sc.EurekaServerApplication  : No active profile set, falling back to default profiles: default
2019-04-25 21:12:20.989  WARN 67485 --- [           main] o.s.boot.actuate.endpoint.EndpointId     : Endpoint ID 'service-registry' contains invalid characters, please migrate to a valid format.
2019-04-25 21:12:21.387  INFO 67485 --- [           main] o.s.cloud.context.scope.GenericScope     : BeanFactory id=70732503-b5f4-38d3-8aa5-7fe93f9c0d3b
2019-04-25 21:12:21.530  INFO 67485 --- [           main] trationDelegate$BeanPostProcessorChecker : Bean 'org.springframework.cloud.autoconfigure.ConfigurationPropertiesRebinderAutoConfiguration' of type [org.springframework.cloud.autoconfigure.ConfigurationPropertiesRebinderAutoConfiguration$$EnhancerBySpringCGLIB$$bbdbd68c] is not eligible for getting processed by all BeanPostProcessors (for example: not eligible for auto-proxying)
2019-04-25 21:12:21.986  INFO 67485 --- [           main] o.s.b.w.embedded.tomcat.TomcatWebServer  : Tomcat initialized with port(s): 8080 (http)
2019-04-25 21:12:22.029  INFO 67485 --- [           main] o.apache.catalina.core.StandardService   : Starting service [Tomcat]
2019-04-25 21:12:22.030  INFO 67485 --- [           main] org.apache.catalina.core.StandardEngine  : Starting Servlet engine: [Apache Tomcat/9.0.17]
2019-04-25 21:12:22.147  INFO 67485 --- [           main] o.a.c.c.C.[Tomcat].[localhost].[/]       : Initializing Spring embedded WebApplicationContext
2019-04-25 21:12:22.147  INFO 67485 --- [           main] o.s.web.context.ContextLoader            : Root WebApplicationContext: initialization completed in 2166 ms
2019-04-25 21:12:22.375  WARN 67485 --- [           main] c.n.c.sources.URLConfigurationSource     : No URLs will be polled as dynamic configuration sources.
2019-04-25 21:12:22.377  INFO 67485 --- [           main] c.n.c.sources.URLConfigurationSource     : To enable URLs as dynamic configuration sources, define System property archaius.configurationSource.additionalUrls or make config.properties available on classpath.
2019-04-25 21:12:22.408  INFO 67485 --- [           main] c.netflix.config.DynamicPropertyFactory  : DynamicPropertyFactory is initialized with configuration sources: com.netflix.config.ConcurrentCompositeConfiguration@6090f3ca
2019-04-25 21:12:23.393  INFO 67485 --- [           main] c.s.j.s.i.a.WebApplicationImpl           : Initiating Jersey application, version 'Jersey: 1.19.1 03/11/2016 02:08 PM'
2019-04-25 21:12:23.518 ERROR 67485 --- [           main] o.a.c.c.C.[Tomcat].[localhost].[/]       : Exception starting filter [servletContainer]

java.lang.TypeNotPresentException: Type javax.xml.bind.JAXBContext not present
	at java.base/sun.reflect.generics.factory.CoreReflectionFactory.makeNamedType(CoreReflectionFactory.java:117) ~[na:na]
	at java.base/sun.reflect.generics.visitor.Reifier.visitClassTypeSignature(Reifier.java:125) ~[na:na]
	at java.base/sun.reflect.generics.tree.ClassTypeSignature.accept(ClassTypeSignature.java:49) ~[na:na]
	at java.base/sun.reflect.generics.visitor.Reifier.reifyTypeArguments(Reifier.java:68) ~[na:na]
	at java.base/sun.reflect.generics.visitor.Reifier.visitClassTypeSignature(Reifier.java:138) ~[na:na]
	at java.base/sun.reflect.generics.tree.ClassTypeSignature.accept(ClassTypeSignature.java:49) ~[na:na]
	at java.base/sun.reflect.generics.repository.ClassRepository.computeSuperInterfaces(ClassRepository.java:117) ~[na:na]
	at java.base/sun.reflect.generics.repository.ClassRepository.getSuperInterfaces(ClassRepository.java:95) ~[na:na]
	at java.base/java.lang.Class.getGenericInterfaces(Class.java:1138) ~[na:na]
	at com.sun.jersey.core.reflection.ReflectionHelper.getClass(ReflectionHelper.java:629) ~[jersey-core-1.19.1.jar!/:1.19.1]
	at com.sun.jersey.core.reflection.ReflectionHelper.getClass(ReflectionHelper.java:625) ~[jersey-core-1.19.1.jar!/:1.19.1]
	at com.sun.jersey.core.spi.factory.ContextResolverFactory.getParameterizedType(ContextResolverFactory.java:202) ~[jersey-core-1.19.1.jar!/:1.19.1]
	at com.sun.jersey.core.spi.factory.ContextResolverFactory.init(ContextResolverFactory.java:89) ~[jersey-core-1.19.1.jar!/:1.19.1]
	at com.sun.jersey.server.impl.application.WebApplicationImpl._initiate(WebApplicationImpl.java:1332) ~[jersey-server-1.19.1.jar!/:1.19.1]
	at com.sun.jersey.server.impl.application.WebApplicationImpl.access$700(WebApplicationImpl.java:180) ~[jersey-server-1.19.1.jar!/:1.19.1]
	at com.sun.jersey.server.impl.application.WebApplicationImpl$13.f(WebApplicationImpl.java:799) ~[jersey-server-1.19.1.jar!/:1.19.1]
	at com.sun.jersey.server.impl.application.WebApplicationImpl$13.f(WebApplicationImpl.java:795) ~[jersey-server-1.19.1.jar!/:1.19.1]
	at com.sun.jersey.spi.inject.Errors.processWithErrors(Errors.java:193) ~[jersey-core-1.19.1.jar!/:1.19.1]
	at com.sun.jersey.server.impl.application.WebApplicationImpl.initiate(WebApplicationImpl.java:795) ~[jersey-server-1.19.1.jar!/:1.19.1]
	at com.sun.jersey.server.impl.application.WebApplicationImpl.initiate(WebApplicationImpl.java:790) ~[jersey-server-1.19.1.jar!/:1.19.1]
	at com.sun.jersey.spi.container.servlet.ServletContainer.initiate(ServletContainer.java:509) ~[jersey-servlet-1.19.1.jar!/:1.19.1]
	at com.sun.jersey.spi.container.servlet.ServletContainer$InternalWebComponent.initiate(ServletContainer.java:339) ~[jersey-servlet-1.19.1.jar!/:1.19.1]
	at com.sun.jersey.spi.container.servlet.WebComponent.load(WebComponent.java:605) ~[jersey-servlet-1.19.1.jar!/:1.19.1]
	at com.sun.jersey.spi.container.servlet.WebComponent.init(WebComponent.java:207) ~[jersey-servlet-1.19.1.jar!/:1.19.1]
	at com.sun.jersey.spi.container.servlet.ServletContainer.init(ServletContainer.java:394) ~[jersey-servlet-1.19.1.jar!/:1.19.1]
	at com.sun.jersey.spi.container.servlet.ServletContainer.init(ServletContainer.java:744) ~[jersey-servlet-1.19.1.jar!/:1.19.1]
	at org.apache.catalina.core.ApplicationFilterConfig.initFilter(ApplicationFilterConfig.java:270) ~[tomcat-embed-core-9.0.17.jar!/:9.0.17]
	at org.apache.catalina.core.ApplicationFilterConfig.<init>(ApplicationFilterConfig.java:106) ~[tomcat-embed-core-9.0.17.jar!/:9.0.17]
	at org.apache.catalina.core.StandardContext.filterStart(StandardContext.java:4530) ~[tomcat-embed-core-9.0.17.jar!/:9.0.17]
	at org.apache.catalina.core.StandardContext.startInternal(StandardContext.java:5176) ~[tomcat-embed-core-9.0.17.jar!/:9.0.17]
	at org.apache.catalina.util.LifecycleBase.start(LifecycleBase.java:183) ~[tomcat-embed-core-9.0.17.jar!/:9.0.17]
	at org.apache.catalina.core.ContainerBase$StartChild.call(ContainerBase.java:1377) ~[tomcat-embed-core-9.0.17.jar!/:9.0.17]
	at org.apache.catalina.core.ContainerBase$StartChild.call(ContainerBase.java:1367) ~[tomcat-embed-core-9.0.17.jar!/:9.0.17]
	at java.base/java.util.concurrent.FutureTask.run(FutureTask.java:264) ~[na:na]
	at org.apache.tomcat.util.threads.InlineExecutorService.execute(InlineExecutorService.java:75) ~[tomcat-embed-core-9.0.17.jar!/:9.0.17]
	at java.base/java.util.concurrent.AbstractExecutorService.submit(AbstractExecutorService.java:140) ~[na:na]
	at org.apache.catalina.core.ContainerBase.startInternal(ContainerBase.java:902) ~[tomcat-embed-core-9.0.17.jar!/:9.0.17]
	at org.apache.catalina.core.StandardHost.startInternal(StandardHost.java:831) ~[tomcat-embed-core-9.0.17.jar!/:9.0.17]
	at org.apache.catalina.util.LifecycleBase.start(LifecycleBase.java:183) ~[tomcat-embed-core-9.0.17.jar!/:9.0.17]
	at org.apache.catalina.core.ContainerBase$StartChild.call(ContainerBase.java:1377) ~[tomcat-embed-core-9.0.17.jar!/:9.0.17]
	at org.apache.catalina.core.ContainerBase$StartChild.call(ContainerBase.java:1367) ~[tomcat-embed-core-9.0.17.jar!/:9.0.17]
	at java.base/java.util.concurrent.FutureTask.run(FutureTask.java:264) ~[na:na]
	at org.apache.tomcat.util.threads.InlineExecutorService.execute(InlineExecutorService.java:75) ~[tomcat-embed-core-9.0.17.jar!/:9.0.17]
	at java.base/java.util.concurrent.AbstractExecutorService.submit(AbstractExecutorService.java:140) ~[na:na]
	at org.apache.catalina.core.ContainerBase.startInternal(ContainerBase.java:902) ~[tomcat-embed-core-9.0.17.jar!/:9.0.17]
	at org.apache.catalina.core.StandardEngine.startInternal(StandardEngine.java:262) ~[tomcat-embed-core-9.0.17.jar!/:9.0.17]
	at org.apache.catalina.util.LifecycleBase.start(LifecycleBase.java:183) ~[tomcat-embed-core-9.0.17.jar!/:9.0.17]
	at org.apache.catalina.core.StandardService.startInternal(StandardService.java:423) ~[tomcat-embed-core-9.0.17.jar!/:9.0.17]
	at org.apache.catalina.util.LifecycleBase.start(LifecycleBase.java:183) ~[tomcat-embed-core-9.0.17.jar!/:9.0.17]
	at org.apache.catalina.core.StandardServer.startInternal(StandardServer.java:928) ~[tomcat-embed-core-9.0.17.jar!/:9.0.17]
	at org.apache.catalina.util.LifecycleBase.start(LifecycleBase.java:183) ~[tomcat-embed-core-9.0.17.jar!/:9.0.17]
	at org.apache.catalina.startup.Tomcat.start(Tomcat.java:455) ~[tomcat-embed-core-9.0.17.jar!/:9.0.17]
	at org.springframework.boot.web.embedded.tomcat.TomcatWebServer.initialize(TomcatWebServer.java:106) ~[spring-boot-2.1.4.RELEASE.jar!/:2.1.4.RELEASE]
	at org.springframework.boot.web.embedded.tomcat.TomcatWebServer.<init>(TomcatWebServer.java:86) ~[spring-boot-2.1.4.RELEASE.jar!/:2.1.4.RELEASE]
	at org.springframework.boot.web.embedded.tomcat.TomcatServletWebServerFactory.getTomcatWebServer(TomcatServletWebServerFactory.java:427) ~[spring-boot-2.1.4.RELEASE.jar!/:2.1.4.RELEASE]
	at org.springframework.boot.web.embedded.tomcat.TomcatServletWebServerFactory.getWebServer(TomcatServletWebServerFactory.java:180) ~[spring-boot-2.1.4.RELEASE.jar!/:2.1.4.RELEASE]
	at org.springframework.boot.web.servlet.context.ServletWebServerApplicationContext.createWebServer(ServletWebServerApplicationContext.java:181) ~[spring-boot-2.1.4.RELEASE.jar!/:2.1.4.RELEASE]
	at org.springframework.boot.web.servlet.context.ServletWebServerApplicationContext.onRefresh(ServletWebServerApplicationContext.java:154) ~[spring-boot-2.1.4.RELEASE.jar!/:2.1.4.RELEASE]
	at org.springframework.context.support.AbstractApplicationContext.refresh(AbstractApplicationContext.java:543) ~[spring-context-5.1.5.RELEASE.jar!/:5.1.5.RELEASE]
	at org.springframework.boot.web.servlet.context.ServletWebServerApplicationContext.refresh(ServletWebServerApplicationContext.java:142) ~[spring-boot-2.1.4.RELEASE.jar!/:2.1.4.RELEASE]
	at org.springframework.boot.SpringApplication.refresh(SpringApplication.java:775) ~[spring-boot-2.1.4.RELEASE.jar!/:2.1.4.RELEASE]
	at org.springframework.boot.SpringApplication.refreshContext(SpringApplication.java:397) ~[spring-boot-2.1.4.RELEASE.jar!/:2.1.4.RELEASE]
	at org.springframework.boot.SpringApplication.run(SpringApplication.java:316) ~[spring-boot-2.1.4.RELEASE.jar!/:2.1.4.RELEASE]
	at org.springframework.boot.SpringApplication.run(SpringApplication.java:1260) ~[spring-boot-2.1.4.RELEASE.jar!/:2.1.4.RELEASE]
	at org.springframework.boot.SpringApplication.run(SpringApplication.java:1248) ~[spring-boot-2.1.4.RELEASE.jar!/:2.1.4.RELEASE]
	at info.zhirong.sc.EurekaServerApplication.main(EurekaServerApplication.java:16) ~[classes!/:1.0-SNAPSHOT]
	at java.base/jdk.internal.reflect.NativeMethodAccessorImpl.invoke0(Native Method) ~[na:na]
	at java.base/jdk.internal.reflect.NativeMethodAccessorImpl.invoke(NativeMethodAccessorImpl.java:62) ~[na:na]
	at java.base/jdk.internal.reflect.DelegatingMethodAccessorImpl.invoke(DelegatingMethodAccessorImpl.java:43) ~[na:na]
	at java.base/java.lang.reflect.Method.invoke(Method.java:566) ~[na:na]
	at org.springframework.boot.loader.MainMethodRunner.run(MainMethodRunner.java:48) ~[eureka-1.0-SNAPSHOT.jar:1.0-SNAPSHOT]
	at org.springframework.boot.loader.Launcher.launch(Launcher.java:87) ~[eureka-1.0-SNAPSHOT.jar:1.0-SNAPSHOT]
	at org.springframework.boot.loader.Launcher.launch(Launcher.java:50) ~[eureka-1.0-SNAPSHOT.jar:1.0-SNAPSHOT]
	at org.springframework.boot.loader.JarLauncher.main(JarLauncher.java:51) ~[eureka-1.0-SNAPSHOT.jar:1.0-SNAPSHOT]
Caused by: java.lang.ClassNotFoundException: javax.xml.bind.JAXBContext
	at java.base/java.net.URLClassLoader.findClass(URLClassLoader.java:471) ~[na:na]
	at java.base/java.lang.ClassLoader.loadClass(ClassLoader.java:588) ~[na:na]
	at org.springframework.boot.loader.LaunchedURLClassLoader.loadClass(LaunchedURLClassLoader.java:93) ~[eureka-1.0-SNAPSHOT.jar:1.0-SNAPSHOT]
	at java.base/java.lang.ClassLoader.loadClass(ClassLoader.java:521) ~[na:na]
	at java.base/java.lang.Class.forName0(Native Method) ~[na:na]
	at java.base/java.lang.Class.forName(Class.java:398) ~[na:na]
	at java.base/sun.reflect.generics.factory.CoreReflectionFactory.makeNamedType(CoreReflectionFactory.java:114) ~[na:na]
	... 73 common frames omitted

2019-04-25 21:12:23.519 ERROR 67485 --- [           main] o.apache.catalina.core.StandardContext   : One or more Filters failed to start. Full details will be found in the appropriate container log file
2019-04-25 21:12:23.519 ERROR 67485 --- [           main] o.apache.catalina.core.StandardContext   : Context [] startup failed due to previous errors
2019-04-25 21:12:23.526  WARN 67485 --- [           main] o.a.c.loader.WebappClassLoaderBase       : The web application [ROOT] appears to have started a thread named [spring.cloud.inetutils] but has failed to stop it. This is very likely to create a memory leak. Stack trace of thread:
 java.base@11.0.1/jdk.internal.misc.Unsafe.park(Native Method)
 java.base@11.0.1/java.util.concurrent.locks.LockSupport.park(LockSupport.java:194)
 java.base@11.0.1/java.util.concurrent.locks.AbstractQueuedSynchronizer$ConditionObject.await(AbstractQueuedSynchronizer.java:2081)
 java.base@11.0.1/java.util.concurrent.LinkedBlockingQueue.take(LinkedBlockingQueue.java:433)
 java.base@11.0.1/java.util.concurrent.ThreadPoolExecutor.getTask(ThreadPoolExecutor.java:1054)
 java.base@11.0.1/java.util.concurrent.ThreadPoolExecutor.runWorker(ThreadPoolExecutor.java:1114)
 java.base@11.0.1/java.util.concurrent.ThreadPoolExecutor$Worker.run(ThreadPoolExecutor.java:628)
 java.base@11.0.1/java.lang.Thread.run(Thread.java:834)
2019-04-25 21:12:23.630  INFO 67485 --- [           main] o.apache.catalina.core.StandardService   : Stopping service [Tomcat]
2019-04-25 21:12:23.641  WARN 67485 --- [           main] ConfigServletWebServerApplicationContext : Exception encountered during context initialization - cancelling refresh attempt: org.springframework.context.ApplicationContextException: Unable to start web server; nested exception is org.springframework.boot.web.server.WebServerException: Unable to start embedded Tomcat
2019-04-25 21:12:23.662  INFO 67485 --- [           main] ConditionEvaluationReportLoggingListener : 

Error starting ApplicationContext. To display the conditions report re-run your application with 'debug' enabled.
2019-04-25 21:12:23.665 ERROR 67485 --- [           main] o.s.boot.SpringApplication               : Application run failed

org.springframework.context.ApplicationContextException: Unable to start web server; nested exception is org.springframework.boot.web.server.WebServerException: Unable to start embedded Tomcat
	at org.springframework.boot.web.servlet.context.ServletWebServerApplicationContext.onRefresh(ServletWebServerApplicationContext.java:157) ~[spring-boot-2.1.4.RELEASE.jar!/:2.1.4.RELEASE]
	at org.springframework.context.support.AbstractApplicationContext.refresh(AbstractApplicationContext.java:543) ~[spring-context-5.1.5.RELEASE.jar!/:5.1.5.RELEASE]
	at org.springframework.boot.web.servlet.context.ServletWebServerApplicationContext.refresh(ServletWebServerApplicationContext.java:142) ~[spring-boot-2.1.4.RELEASE.jar!/:2.1.4.RELEASE]
	at org.springframework.boot.SpringApplication.refresh(SpringApplication.java:775) ~[spring-boot-2.1.4.RELEASE.jar!/:2.1.4.RELEASE]
	at org.springframework.boot.SpringApplication.refreshContext(SpringApplication.java:397) ~[spring-boot-2.1.4.RELEASE.jar!/:2.1.4.RELEASE]
	at org.springframework.boot.SpringApplication.run(SpringApplication.java:316) ~[spring-boot-2.1.4.RELEASE.jar!/:2.1.4.RELEASE]
	at org.springframework.boot.SpringApplication.run(SpringApplication.java:1260) ~[spring-boot-2.1.4.RELEASE.jar!/:2.1.4.RELEASE]
	at org.springframework.boot.SpringApplication.run(SpringApplication.java:1248) ~[spring-boot-2.1.4.RELEASE.jar!/:2.1.4.RELEASE]
	at info.zhirong.sc.EurekaServerApplication.main(EurekaServerApplication.java:16) ~[classes!/:1.0-SNAPSHOT]
	at java.base/jdk.internal.reflect.NativeMethodAccessorImpl.invoke0(Native Method) ~[na:na]
	at java.base/jdk.internal.reflect.NativeMethodAccessorImpl.invoke(NativeMethodAccessorImpl.java:62) ~[na:na]
	at java.base/jdk.internal.reflect.DelegatingMethodAccessorImpl.invoke(DelegatingMethodAccessorImpl.java:43) ~[na:na]
	at java.base/java.lang.reflect.Method.invoke(Method.java:566) ~[na:na]
	at org.springframework.boot.loader.MainMethodRunner.run(MainMethodRunner.java:48) ~[eureka-1.0-SNAPSHOT.jar:1.0-SNAPSHOT]
	at org.springframework.boot.loader.Launcher.launch(Launcher.java:87) ~[eureka-1.0-SNAPSHOT.jar:1.0-SNAPSHOT]
	at org.springframework.boot.loader.Launcher.launch(Launcher.java:50) ~[eureka-1.0-SNAPSHOT.jar:1.0-SNAPSHOT]
	at org.springframework.boot.loader.JarLauncher.main(JarLauncher.java:51) ~[eureka-1.0-SNAPSHOT.jar:1.0-SNAPSHOT]
Caused by: org.springframework.boot.web.server.WebServerException: Unable to start embedded Tomcat
	at org.springframework.boot.web.embedded.tomcat.TomcatWebServer.initialize(TomcatWebServer.java:125) ~[spring-boot-2.1.4.RELEASE.jar!/:2.1.4.RELEASE]
	at org.springframework.boot.web.embedded.tomcat.TomcatWebServer.<init>(TomcatWebServer.java:86) ~[spring-boot-2.1.4.RELEASE.jar!/:2.1.4.RELEASE]
	at org.springframework.boot.web.embedded.tomcat.TomcatServletWebServerFactory.getTomcatWebServer(TomcatServletWebServerFactory.java:427) ~[spring-boot-2.1.4.RELEASE.jar!/:2.1.4.RELEASE]
	at org.springframework.boot.web.embedded.tomcat.TomcatServletWebServerFactory.getWebServer(TomcatServletWebServerFactory.java:180) ~[spring-boot-2.1.4.RELEASE.jar!/:2.1.4.RELEASE]
	at org.springframework.boot.web.servlet.context.ServletWebServerApplicationContext.createWebServer(ServletWebServerApplicationContext.java:181) ~[spring-boot-2.1.4.RELEASE.jar!/:2.1.4.RELEASE]
	at org.springframework.boot.web.servlet.context.ServletWebServerApplicationContext.onRefresh(ServletWebServerApplicationContext.java:154) ~[spring-boot-2.1.4.RELEASE.jar!/:2.1.4.RELEASE]
	... 16 common frames omitted
Caused by: java.lang.IllegalStateException: StandardEngine[Tomcat].StandardHost[localhost].TomcatEmbeddedContext[] failed to start
	at org.springframework.boot.web.embedded.tomcat.TomcatWebServer.rethrowDeferredStartupExceptions(TomcatWebServer.java:171) ~[spring-boot-2.1.4.RELEASE.jar!/:2.1.4.RELEASE]
	at org.springframework.boot.web.embedded.tomcat.TomcatWebServer.initialize(TomcatWebServer.java:109) ~[spring-boot-2.1.4.RELEASE.jar!/:2.1.4.RELEASE]
	... 21 common frames omitted

